D:\GMHax\gmsv_usermessages_win32\Release\cl.command.1.tlog
D:\GMHax\gmsv_usermessages_win32\Release\CL.read.1.tlog
D:\GMHax\gmsv_usermessages_win32\Release\CL.write.1.tlog
D:\GMHAX\GMSV_USERMESSAGES_WIN32\RELEASE\GMSV_USERMESSAGES_WIN32.DLL.INTERMEDIATE.MANIFEST
D:\GMHax\gmsv_usermessages_win32\Release\gmsv_usermessages_win32.vcxprojResolveAssemblyReference.cache
D:\GMHax\gmsv_usermessages_win32\Release\gmsv_usermessages_win32.write.1.tlog
D:\GMHax\gmsv_usermessages_win32\Release\link.command.1.tlog
D:\GMHax\gmsv_usermessages_win32\Release\link.read.1.tlog
D:\GMHax\gmsv_usermessages_win32\Release\link.write.1.tlog
D:\GMHAX\GMSV_USERMESSAGES_WIN32\RELEASE\MAIN.OBJ
D:\GMHax\gmsv_usermessages_win32\Release\mt.command.1.tlog
D:\GMHax\gmsv_usermessages_win32\Release\mt.read.1.tlog
D:\GMHax\gmsv_usermessages_win32\Release\mt.write.1.tlog
D:\GMHAX\GMSV_USERMESSAGES_WIN32\RELEASE\NEKOBUF.OBJ
D:\GMHAX\GMSV_USERMESSAGES_WIN32\RELEASE\RECIPIENTFILTER.OBJ
D:\GMHAX\GMSV_USERMESSAGES_WIN32\RELEASE\SDK.OBJ
D:\GMHAX\GMSV_USERMESSAGES_WIN32\RELEASE\STATE.OBJ
D:\GMHAX\GMSV_USERMESSAGES_WIN32\RELEASE\VC100.PDB
D:\GMHAX\RELEASE\GMSV_USERMESSAGES_WIN32.DLL
D:\GMHax\Release\gmsv_usermessages_win32.exp
D:\GMHax\Release\gmsv_usermessages_win32.lib
D:\GMHAX\RELEASE\GMSV_USERMESSAGES_WIN32.PDB
